mode: set
github.com/JekaTka/funds-loader/fundsprocessor/fundprocessor.go:14.37,16.2 1 1
github.com/JekaTka/funds-loader/fundsprocessor/fundprocessor.go:18.55,20.21 2 1
github.com/JekaTka/funds-loader/fundsprocessor/fundprocessor.go:45.2,45.38 1 1
github.com/JekaTka/funds-loader/fundsprocessor/fundprocessor.go:49.2,49.12 1 1
github.com/JekaTka/funds-loader/fundsprocessor/fundprocessor.go:20.21,23.61 2 1
github.com/JekaTka/funds-loader/fundsprocessor/fundprocessor.go:27.3,27.36 1 1
github.com/JekaTka/funds-loader/fundsprocessor/fundprocessor.go:31.3,37.17 3 1
github.com/JekaTka/funds-loader/fundsprocessor/fundprocessor.go:41.3,42.24 2 1
github.com/JekaTka/funds-loader/fundsprocessor/fundprocessor.go:23.61,25.4 1 1
github.com/JekaTka/funds-loader/fundsprocessor/fundprocessor.go:27.36,29.4 1 1
github.com/JekaTka/funds-loader/fundsprocessor/fundprocessor.go:37.17,39.4 1 0
github.com/JekaTka/funds-loader/fundsprocessor/fundprocessor.go:45.38,47.3 1 0
github.com/JekaTka/funds-loader/fundsprocessor/model.go:19.35,22.16 3 1
github.com/JekaTka/funds-loader/fundsprocessor/model.go:26.2,27.12 2 1
github.com/JekaTka/funds-loader/fundsprocessor/model.go:22.16,24.3 1 1
github.com/JekaTka/funds-loader/fundsprocessor/mprocessor.go:34.48,35.22 1 1
github.com/JekaTka/funds-loader/fundsprocessor/mprocessor.go:39.2,42.9 1 1
github.com/JekaTka/funds-loader/fundsprocessor/mprocessor.go:46.2,52.44 3 1
github.com/JekaTka/funds-loader/fundsprocessor/mprocessor.go:58.2,60.13 2 1
github.com/JekaTka/funds-loader/fundsprocessor/mprocessor.go:67.2,72.34 2 1
github.com/JekaTka/funds-loader/fundsprocessor/mprocessor.go:85.2,87.20 1 1
github.com/JekaTka/funds-loader/fundsprocessor/mprocessor.go:91.2,95.13 4 1
github.com/JekaTka/funds-loader/fundsprocessor/mprocessor.go:35.22,37.3 1 1
github.com/JekaTka/funds-loader/fundsprocessor/mprocessor.go:42.9,44.3 1 1
github.com/JekaTka/funds-loader/fundsprocessor/mprocessor.go:52.44,56.3 3 1
github.com/JekaTka/funds-loader/fundsprocessor/mprocessor.go:60.13,65.3 3 1
github.com/JekaTka/funds-loader/fundsprocessor/mprocessor.go:72.34,76.32 2 1
github.com/JekaTka/funds-loader/fundsprocessor/mprocessor.go:76.32,79.4 2 1
github.com/JekaTka/funds-loader/fundsprocessor/mprocessor.go:79.9,81.4 1 1
github.com/JekaTka/funds-loader/fundsprocessor/mprocessor.go:87.20,89.3 1 1
github.com/JekaTka/funds-loader/fundsprocessor/mprocessor.go:99.56,104.2 4 1
github.com/JekaTka/funds-loader/fundsprocessor/mprocessor.go:106.43,110.2 3 1
